<?xml version="1.0" encoding="UTF-8"?>
<!-- Generated by org.testng.reporters.JUnitReportReporter -->
<testsuite hostname="LAPTOP-1N622O79" failures="0" tests="6" name="test.day3" time="0.055" errors="0" timestamp="2023-02-07T14:24:42 IST" skipped="1">
  <testcase classname="test.day3" name="MobileLoginCarLoan" time="0.007"/>
  <system-out/>
  <testcase classname="test.day3" name="MobileSignoutCarLoan" time="0.019"/>
  <system-out/>
  <testcase classname="test.day3" name="MobileSignoutCarLoan" time="0.009"/>
  <system-out/>
  <testcase classname="test.day3" name="MobileSignoutCarLoan" time="0.013"/>
  <system-out/>
  <testcase classname="test.day3" name="WebLoginCarLoan" time="0.007"/>
  <system-out/>
  <testcase classname="test.day3" name="MobileSigninCarLoan">
    <skipped/>
  </testcase> <!-- MobileSigninCarLoan -->
  <system-out/>
</testsuite> <!-- test.day3 -->
