<?xml version="1.0" encoding="UTF-8"?>
<!-- Generated by org.testng.reporters.JUnitReportReporter -->
<testsuite hostname="LAPTOP-1N622O79" failures="0" tests="3" name="test.day4" time="0.029" errors="0" timestamp="2023-02-07T14:24:42 IST" skipped="0">
  <testcase classname="test.day4" name="WebLoginHomeLoan" time="0.002"/>
  <system-out/>
  <testcase classname="test.day4" name="MobileLoginHomeLoan" time="0.022"/>
  <system-out/>
  <testcase classname="test.day4" name="LoginAPIHomeLoan" time="0.005"/>
  <system-out/>
</testsuite> <!-- test.day4 -->
