<?xml version="1.0" encoding="UTF-8"?>
<!-- Generated by org.testng.reporters.JUnitReportReporter -->
<testsuite hostname="LAPTOP-1N622O79" failures="0" tests="1" name="test.day2" time="0.005" errors="0" timestamp="2023-02-07T14:24:42 IST" skipped="0">
  <testcase classname="test.day2" name="ploan" time="0.005"/>
  <system-out/>
</testsuite> <!-- test.day2 -->
